# JRE version: OpenJDK Runtime Environment (8.0_422-b05) (build 1.8.0_422-b05)
# Java VM: OpenJDK 64-Bit Server VM (25.422-b05 mixed mode windows-amd64 compressed oops)
Heap:
 PSYoungGen      total 157184K, used 155600K [0x000000076dd80000, 0x000000077a000000, 0x00000007c0000000)
  eden space 142336K, 98% used [0x000000076dd80000,0x00000007766f7188,0x0000000776880000)
  from space 14848K, 99% used [0x0000000777d00000,0x0000000778b7d040,0x0000000778b80000)
  to   space 20992K, 0% used [0x0000000776880000,0x0000000776880000,0x0000000777d00000)
 ParOldGen       total 109568K, used 27659K [0x00000006c9800000, 0x00000006d0300000, 0x000000076dd80000)
  object space 109568K, 25% used [0x00000006c9800000,0x00000006cb302e50,0x00000006d0300000)
 Metaspace       used 33640K, capacity 33855K, committed 34176K, reserved 1079296K
  class space    used 4285K, capacity 4360K, committed 4480K, reserved 1048576K
GC Heap History (10 events):
Event: 1.283 GC heap before
{Heap before GC invocations=3 (full 1):
 PSYoungGen      total 74240K, used 7360K [0x000000076dd80000, 0x0000000773000000, 0x00000007c0000000)
  eden space 64000K, 0% used [0x000000076dd80000,0x000000076dd80000,0x0000000771c00000)
  from space 10240K, 71% used [0x0000000772600000,0x0000000772d30050,0x0000000773000000)
  to   space 10240K, 0% used [0x0000000771c00000,0x0000000771c00000,0x0000000772600000)
 ParOldGen       total 169472K, used 88K [0x00000006c9800000, 0x00000006d3d80000, 0x000000076dd80000)
  object space 169472K, 0% used [0x00000006c9800000,0x00000006c9816010,0x00000006d3d80000)
 Metaspace       used 21148K, capacity 21218K, committed 21296K, reserved 1067008K
  class space    used 2910K, capacity 2935K, committed 2944K, reserved 1048576K
Event: 1.299 GC heap after
Heap after GC invocations=3 (full 1):
 PSYoungGen      total 74240K, used 0K [0x000000076dd80000, 0x0000000773000000, 0x00000007c0000000)
  eden space 64000K, 0% used [0x000000076dd80000,0x000000076dd80000,0x0000000771c00000)
  from space 10240K, 0% used [0x0000000772600000,0x0000000772600000,0x0000000773000000)
  to   space 10240K, 0% used [0x0000000771c00000,0x0000000771c00000,0x0000000772600000)
 ParOldGen       total 109568K, used 7251K [0x00000006c9800000, 0x00000006d0300000, 0x000000076dd80000)
  object space 109568K, 6% used [0x00000006c9800000,0x00000006c9f14e30,0x00000006d0300000)
 Metaspace       used 21148K, capacity 21218K, committed 21296K, reserved 1067008K
  class space    used 2910K, capacity 2935K, committed 2944K, reserved 1048576K
}
Event: 2.127 GC heap before
{Heap before GC invocations=4 (full 1):
 PSYoungGen      total 74240K, used 64000K [0x000000076dd80000, 0x0000000773000000, 0x00000007c0000000)
  eden space 64000K, 100% used [0x000000076dd80000,0x0000000771c00000,0x0000000771c00000)
  from space 10240K, 0% used [0x0000000772600000,0x0000000772600000,0x0000000773000000)
  to   space 10240K, 0% used [0x0000000771c00000,0x0000000771c00000,0x0000000772600000)
 ParOldGen       total 109568K, used 7251K [0x00000006c9800000, 0x00000006d0300000, 0x000000076dd80000)
  object space 109568K, 6% used [0x00000006c9800000,0x00000006c9f14e30,0x00000006d0300000)
 Metaspace       used 26204K, capacity 26292K, committed 26496K, reserved 1073152K
  class space    used 3622K, capacity 3642K, committed 3712K, reserved 1048576K
Event: 2.134 GC heap after
Heap after GC invocations=4 (full 1):
 PSYoungGen      total 74240K, used 3924K [0x000000076dd80000, 0x0000000774980000, 0x00000007c0000000)
  eden space 64000K, 0% used [0x000000076dd80000,0x000000076dd80000,0x0000000771c00000)
  from space 10240K, 38% used [0x0000000771c00000,0x0000000771fd5220,0x0000000772600000)
  to   space 10240K, 0% used [0x0000000773f80000,0x0000000773f80000,0x0000000774980000)
 ParOldGen       total 109568K, used 17499K [0x00000006c9800000, 0x00000006d0300000, 0x000000076dd80000)
  object space 109568K, 15% used [0x00000006c9800000,0x00000006ca916e40,0x00000006d0300000)
 Metaspace       used 26204K, capacity 26292K, committed 26496K, reserved 1073152K
  class space    used 3622K, capacity 3642K, committed 3712K, reserved 1048576K
}
Event: 2.372 GC heap before
{Heap before GC invocations=5 (full 1):
 PSYoungGen      total 74240K, used 67924K [0x000000076dd80000, 0x0000000774980000, 0x00000007c0000000)
  eden space 64000K, 100% used [0x000000076dd80000,0x0000000771c00000,0x0000000771c00000)
  from space 10240K, 38% used [0x0000000771c00000,0x0000000771fd5220,0x0000000772600000)
  to   space 10240K, 0% used [0x0000000773f80000,0x0000000773f80000,0x0000000774980000)
 ParOldGen       total 109568K, used 17499K [0x00000006c9800000, 0x00000006d0300000, 0x000000076dd80000)
  object space 109568K, 15% used [0x00000006c9800000,0x00000006ca916e40,0x00000006d0300000)
 Metaspace       used 28476K, capacity 28648K, committed 28800K, reserved 1075200K
  class space    used 3872K, capacity 3938K, committed 3968K, reserved 1048576K
Event: 2.377 GC heap after
Heap after GC invocations=5 (full 1):
 PSYoungGen      total 100352K, used 8618K [0x000000076dd80000, 0x0000000774d00000, 0x00000007c0000000)
  eden space 90112K, 0% used [0x000000076dd80000,0x000000076dd80000,0x0000000773580000)
  from space 10240K, 84% used [0x0000000773f80000,0x00000007747eaba8,0x0000000774980000)
  to   space 10240K, 0% used [0x0000000773580000,0x0000000773580000,0x0000000773f80000)
 ParOldGen       total 109568K, used 17507K [0x00000006c9800000, 0x00000006d0300000, 0x000000076dd80000)
  object space 109568K, 15% used [0x00000006c9800000,0x00000006ca918e40,0x00000006d0300000)
 Metaspace       used 28476K, capacity 28648K, committed 28800K, reserved 1075200K
  class space    used 3872K, capacity 3938K, committed 3968K, reserved 1048576K
}
Event: 2.477 GC heap before
{Heap before GC invocations=6 (full 1):
 PSYoungGen      total 100352K, used 98730K [0x000000076dd80000, 0x0000000774d00000, 0x00000007c0000000)
  eden space 90112K, 100% used [0x000000076dd80000,0x0000000773580000,0x0000000773580000)
  from space 10240K, 84% used [0x0000000773f80000,0x00000007747eaba8,0x0000000774980000)
  to   space 10240K, 0% used [0x0000000773580000,0x0000000773580000,0x0000000773f80000)
 ParOldGen       total 109568K, used 17507K [0x00000006c9800000, 0x00000006d0300000, 0x000000076dd80000)
  object space 109568K, 15% used [0x00000006c9800000,0x00000006ca918e40,0x00000006d0300000)
 Metaspace       used 28476K, capacity 28648K, committed 28800K, reserved 1075200K
  class space    used 3872K, capacity 3938K, committed 3968K, reserved 1048576K
Event: 2.484 GC heap after
Heap after GC invocations=6 (full 1):
 PSYoungGen      total 100352K, used 10212K [0x000000076dd80000, 0x0000000778b80000, 0x00000007c0000000)
  eden space 90112K, 0% used [0x000000076dd80000,0x000000076dd80000,0x0000000773580000)
  from space 10240K, 99% used [0x0000000773580000,0x0000000773f79160,0x0000000773f80000)
  to   space 14848K, 0% used [0x0000000777d00000,0x0000000777d00000,0x0000000778b80000)
 ParOldGen       total 109568K, used 21515K [0x00000006c9800000, 0x00000006d0300000, 0x000000076dd80000)
  object space 109568K, 19% used [0x00000006c9800000,0x00000006cad02e50,0x00000006d0300000)
 Metaspace       used 28476K, capacity 28648K, committed 28800K, reserved 1075200K
  class space    used 3872K, capacity 3938K, committed 3968K, reserved 1048576K
}
Event: 2.603 GC heap before
{Heap before GC invocations=7 (full 1):
 PSYoungGen      total 100352K, used 100324K [0x000000076dd80000, 0x0000000778b80000, 0x00000007c0000000)
  eden space 90112K, 100% used [0x000000076dd80000,0x0000000773580000,0x0000000773580000)
  from space 10240K, 99% used [0x0000000773580000,0x0000000773f79160,0x0000000773f80000)
  to   space 14848K, 0% used [0x0000000777d00000,0x0000000777d00000,0x0000000778b80000)
 ParOldGen       total 109568K, used 21515K [0x00000006c9800000, 0x00000006d0300000, 0x000000076dd80000)
  object space 109568K, 19% used [0x00000006c9800000,0x00000006cad02e50,0x00000006d0300000)
 Metaspace       used 28636K, capacity 28776K, committed 29056K, reserved 1075200K
  class space    used 3881K, capacity 3938K, committed 3968K, reserved 1048576K
Event: 2.613 GC heap after
Heap after GC invocations=7 (full 1):
 PSYoungGen      total 157184K, used 14836K [0x000000076dd80000, 0x000000077a000000, 0x00000007c0000000)
  eden space 142336K, 0% used [0x000000076dd80000,0x000000076dd80000,0x0000000776880000)
  from space 14848K, 99% used [0x0000000777d00000,0x0000000778b7d040,0x0000000778b80000)
  to   space 20992K, 0% used [0x0000000776880000,0x0000000776880000,0x0000000777d00000)
 ParOldGen       total 109568K, used 27659K [0x00000006c9800000, 0x00000006d0300000, 0x000000076dd80000)
  object space 109568K, 25% used [0x00000006c9800000,0x00000006cb302e50,0x00000006d0300000)
 Metaspace       used 28636K, capacity 28776K, committed 29056K, reserved 1075200K
  class space    used 3881K, capacity 3938K, committed 3968K, reserved 1048576K
}

